<?xml version="1.0" encoding="UTF-8"?>
<!-- Generated by org.testng.reporters.JUnitReportReporter -->
<testsuite skipped="0" hostname="DESKTOP-5602UDL" name="test.AddCustomerTest" tests="1" failures="0" timestamp="2022-03-23T11:21:57 CDT" time="19.378" errors="0">
  <testcase name="validUserShouldBeAbleToAddCustomer" time="19.378" classname="test.AddCustomerTest"/>
  <system-out/>
</testsuite> <!-- test.AddCustomerTest -->
